<?xml version="1.0" encoding="UTF-8"?>
<robot generator="Robot 7.0 (Python 3.11.3 on win32)" generated="2024-03-16T11:21:16.223204" rpa="false" schemaversion="5">
<suite id="s1" name="testDemo2" source="C:\Users\eltsin\Documents\Learn\python-training\RobotFramework\pythonProject\tests\testDemo2.robot">
<test id="s1-t1" name="Validate UnSuccessful Login" line="12">
<kw name="open the browser with mortgage payment with url" owner="resource" type="SETUP">
<kw name="Create Webdriver" owner="SeleniumLibrary">
<msg time="2024-03-16T11:21:16.590341" level="INFO">Creating an instance of the Chrome WebDriver.</msg>
<arg>Chrome</arg>
<doc>Creates an instance of Selenium WebDriver.</doc>
<status status="PASS" start="2024-03-16T11:21:16.590341" elapsed="2.634035"/>
</kw>
<kw name="Go To" owner="SeleniumLibrary">
<msg time="2024-03-16T11:21:19.224376" level="INFO">Opening url 'https://rahulshettyacademy.com/locatorspractice/'</msg>
<arg>${url}</arg>
<doc>Navigates the current browser window to the provided ``url``.</doc>
<status status="PASS" start="2024-03-16T11:21:19.224376" elapsed="0.648015"/>
</kw>
<status status="PASS" start="2024-03-16T11:21:16.589076" elapsed="3.283315"/>
</kw>
<kw name="Fill the login form">
<kw name="Input Text" owner="SeleniumLibrary">
<msg time="2024-03-16T11:21:19.874579" level="INFO">Typing text 'test@gmail.com' into text field 'id:inputUsername'.</msg>
<arg>id:inputUsername</arg>
<arg>${username}</arg>
<doc>Types the given ``text`` into the text field identified by ``locator``.</doc>
<status status="PASS" start="2024-03-16T11:21:19.874579" elapsed="0.210040"/>
</kw>
<kw name="Input Password" owner="SeleniumLibrary">
<msg time="2024-03-16T11:21:20.085738" level="INFO">Typing password into text field 'name:inputPassword'.</msg>
<msg time="2024-03-16T11:21:20.148879" level="INFO">Temporally setting log level to: NONE</msg>
<arg>name:inputPassword</arg>
<arg>${invalid_password}</arg>
<doc>Types the given password into the text field identified by ``locator``.</doc>
<status status="PASS" start="2024-03-16T11:21:20.084619" elapsed="0.174500"/>
</kw>
<kw name="Click Button" owner="SeleniumLibrary">
<msg time="2024-03-16T11:21:20.260222" level="INFO">Clicking button 'class:submit'.</msg>
<arg>class:submit</arg>
<doc>Clicks the button identified by ``locator``.</doc>
<status status="PASS" start="2024-03-16T11:21:20.259119" elapsed="0.171010"/>
</kw>
<status status="PASS" start="2024-03-16T11:21:19.873468" elapsed="0.557945"/>
</kw>
<kw name="wait until it checks and display error message">
<kw name="Wait Until Element Is Visible" owner="SeleniumLibrary">
<arg>${error_web_element}</arg>
<doc>Waits until the element ``locator`` is visible.</doc>
<status status="PASS" start="2024-03-16T11:21:20.433918" elapsed="1.223087"/>
</kw>
<status status="PASS" start="2024-03-16T11:21:20.432589" elapsed="1.224643"/>
</kw>
<kw name="verify error message is correct">
<kw name="Get Text" owner="SeleniumLibrary">
<msg time="2024-03-16T11:21:21.733253" level="INFO">${result} = * Incorrect username or password</msg>
<var>${result}</var>
<arg>${error_web_element}</arg>
<doc>Returns the text value of the element identified by ``locator``.</doc>
<status status="PASS" start="2024-03-16T11:21:21.659914" elapsed="0.074423"/>
</kw>
<kw name="Should Be Equal As Strings" owner="BuiltIn">
<arg>${result}</arg>
<arg>* Incorrect username or password</arg>
<doc>Fails if objects are unequal after converting them to strings.</doc>
<status status="PASS" start="2024-03-16T11:21:21.734420" elapsed="0.001161"/>
</kw>
<status status="PASS" start="2024-03-16T11:21:21.658585" elapsed="0.076996"/>
</kw>
<kw name="Close Browser Session" owner="resource" type="TEARDOWN">
<kw name="Close Browser" owner="SeleniumLibrary">
<doc>Closes the current browser.</doc>
<status status="PASS" start="2024-03-16T11:21:21.738913" elapsed="2.262458"/>
</kw>
<status status="PASS" start="2024-03-16T11:21:21.737833" elapsed="2.264842"/>
</kw>
<status status="PASS" start="2024-03-16T11:21:16.586862" elapsed="7.417080"/>
</test>
<doc>To validate the login form</doc>
<status status="PASS" start="2024-03-16T11:21:16.225792" elapsed="7.783048"/>
</suite>
<statistics>
<total>
<stat pass="1" fail="0" skip="0">All Tests</stat>
</total>
<tag>
</tag>
<suite>
<stat pass="1" fail="0" skip="0" id="s1" name="testDemo2">testDemo2</stat>
</suite>
</statistics>
<errors>
</errors>
</robot>
