<?xml version="1.0" encoding="UTF-8"?>
<robot generator="Robot 7.0 (Python 3.11.3 on win32)" generated="2024-05-23T10:22:47.228171" rpa="false" schemaversion="5">
<suite id="s1" name="Geolocation Tests" source="C:\Users\eltsin\Documents\Learn\python-training\github-RobotFramework\working_dir\Udemy-Selenium-UI-API-Tests-Robot-Framework\project_root\tests\web_ui\tests\geolocation_tests.robot">
<test id="s1-t1" name="Form Authentication" line="8">
<kw name="Open Homepage" owner="resource">
<kw name="Log" owner="BuiltIn">
<msg time="2024-05-23T10:22:47.446559" level="INFO">Open URL and maximize the window</msg>
<arg>Open URL and maximize the window</arg>
<doc>Logs the given message with the given level.</doc>
<status status="PASS" start="2024-05-23T10:22:47.446559" elapsed="0.000000"/>
</kw>
<kw name="Open The Homepage" owner="TestPage">
<arg>${browser}</arg>
<arg>${url}</arg>
<doc>Opens the browser and navigates to the home page.</doc>
<status status="PASS" start="2024-05-23T10:22:47.446559" elapsed="9.488410"/>
</kw>
<arg>${BROWSER}</arg>
<arg>${HOMEPAGE_URL}</arg>
<status status="PASS" start="2024-05-23T10:22:47.445489" elapsed="9.489480"/>
</kw>
<kw name="Log" owner="BuiltIn">
<msg time="2024-05-23T10:22:56.936009" level="INFO">Click web element "Geolocation"</msg>
<arg>Click web element "Geolocation"</arg>
<doc>Logs the given message with the given level.</doc>
<status status="PASS" start="2024-05-23T10:22:56.934969" elapsed="0.001040"/>
</kw>
<kw name="Click With Xpath" owner="TestPage">
<arg>//*[@id="content"]/ul/li[23]/a</arg>
<doc>Clicks the button using the provided XPath.</doc>
<status status="PASS" start="2024-05-23T10:22:56.936009" elapsed="0.425611"/>
</kw>
<kw name="Sleep" owner="BuiltIn">
<msg time="2024-05-23T10:22:59.363679" level="INFO">Slept 2 seconds.</msg>
<arg>2s</arg>
<doc>Pauses the test executed for the given time.</doc>
<status status="PASS" start="2024-05-23T10:22:57.362911" elapsed="2.000768"/>
</kw>
<kw name="Log" owner="BuiltIn">
<msg time="2024-05-23T10:22:59.364718" level="INFO">Verifying the page is loaded</msg>
<arg>Verifying the page is loaded</arg>
<doc>Logs the given message with the given level.</doc>
<status status="PASS" start="2024-05-23T10:22:59.363679" elapsed="0.001039"/>
</kw>
<kw name="Verify Page Contains Element" owner="TestPage">
<arg>content</arg>
<arg>Geolocation</arg>
<doc>Verifies that the page contains the specified text.</doc>
<status status="PASS" start="2024-05-23T10:22:59.364718" elapsed="0.046755"/>
</kw>
<kw name="Sleep" owner="BuiltIn">
<msg time="2024-05-23T10:23:01.411621" level="INFO">Slept 2 seconds.</msg>
<arg>2s</arg>
<doc>Pauses the test executed for the given time.</doc>
<status status="PASS" start="2024-05-23T10:22:59.411473" elapsed="2.000148"/>
</kw>
<kw name="Log" owner="BuiltIn">
<msg time="2024-05-23T10:23:01.412200" level="INFO">clicking the location button.</msg>
<arg>clicking the location button.</arg>
<doc>Logs the given message with the given level.</doc>
<status status="PASS" start="2024-05-23T10:23:01.412200" elapsed="0.000000"/>
</kw>
<kw name="Click With Xpath" owner="TestPage">
<arg>//*[@id="content"]/div/button</arg>
<doc>Clicks the button using the provided XPath.</doc>
<status status="PASS" start="2024-05-23T10:23:01.413176" elapsed="0.086987"/>
</kw>
<kw name="Sleep" owner="BuiltIn">
<msg time="2024-05-23T10:23:06.500846" level="INFO">Slept 5 seconds.</msg>
<arg>5s</arg>
<doc>Pauses the test executed for the given time.</doc>
<status status="PASS" start="2024-05-23T10:23:01.500669" elapsed="5.000177"/>
</kw>
<kw name="Click Allow On Popup" owner="TestPage">
<msg time="2024-05-23T10:23:06.500846" level="INFO">No popup alert found or unable to switch to alert.</msg>
<doc>Clicks the 'Allow' button on a popup window.</doc>
<status status="PASS" start="2024-05-23T10:23:06.500846" elapsed="0.000000"/>
</kw>
<kw name="Sleep" owner="BuiltIn">
<msg time="2024-05-23T10:23:08.501155" level="INFO">Slept 2 seconds.</msg>
<arg>2s</arg>
<doc>Pauses the test executed for the given time.</doc>
<status status="PASS" start="2024-05-23T10:23:06.500846" elapsed="2.000309"/>
</kw>
<kw name="close_browser_session" owner="resource">
<kw name="Close All Browsers" owner="SeleniumLibrary">
<doc>Closes all open browsers and resets the browser cache.</doc>
<status status="PASS" start="2024-05-23T10:23:08.501155" elapsed="0.000000"/>
</kw>
<status status="PASS" start="2024-05-23T10:23:08.501155" elapsed="0.000000"/>
</kw>
<doc>Test for Geolocation using Edge browser</doc>
<tag>Integration</tag>
<status status="PASS" start="2024-05-23T10:22:47.445489" elapsed="21.055666"/>
</test>
<status status="PASS" start="2024-05-23T10:22:47.229193" elapsed="23.338219"/>
</suite>
<statistics>
<total>
<stat pass="1" fail="0" skip="0">All Tests</stat>
</total>
<tag>
<stat pass="1" fail="0" skip="0">Integration</stat>
</tag>
<suite>
<stat pass="1" fail="0" skip="0" id="s1" name="Geolocation Tests">Geolocation Tests</stat>
</suite>
</statistics>
<errors>
</errors>
</robot>
