<?xml version="1.0" encoding="UTF-8"?>
<robot generator="Robot 7.0 (Python 3.11.3 on win32)" generated="2024-04-05T11:16:28.247557" rpa="false" schemaversion="5">
<suite id="s1" name="Tests" source="C:\Users\eltsin\Documents\Learn\python-training\RobotFramework\project_root\tests\web_ui\tests">
<suite id="s1-s1" name="Add Remove Elements Tests" source="C:\Users\eltsin\Documents\Learn\python-training\RobotFramework\project_root\tests\web_ui\tests\add_remove_elements_tests.robot">
<test id="s1-s1-t1" name="Add Remove Elements Test Page Functionality (Chrome Browser)" line="10">
<kw name="Log" owner="BuiltIn">
<msg time="2024-04-05T11:16:28.455819" level="INFO">open home url</msg>
<arg>open home url</arg>
<doc>Logs the given message with the given level.</doc>
<status status="PASS" start="2024-04-05T11:16:28.455819" elapsed="0.000000"/>
</kw>
<kw name="open_homepage" owner="resource">
<kw name="Log" owner="BuiltIn">
<msg time="2024-04-05T11:16:28.456819" level="INFO">Open URL and maximize the window</msg>
<arg>Open URL and maximize the window</arg>
<doc>Logs the given message with the given level.</doc>
<status status="PASS" start="2024-04-05T11:16:28.456819" elapsed="0.000000"/>
</kw>
<kw name="Open The Homepage" owner="TestPage">
<arg>${browser}</arg>
<arg>${url}</arg>
<doc>Opens the browser and navigates to the home page.</doc>
<status status="PASS" start="2024-04-05T11:16:28.456819" elapsed="10.098828"/>
</kw>
<arg>${BROWSER}</arg>
<arg>${HOMEPAGE_URL}</arg>
<status status="PASS" start="2024-04-05T11:16:28.455819" elapsed="10.099828"/>
</kw>
<kw name="Log" owner="BuiltIn">
<msg time="2024-04-05T11:16:38.556731" level="INFO">click web element "Add/Remove Elements"</msg>
<arg>click web element "Add/Remove Elements"</arg>
<doc>Logs the given message with the given level.</doc>
<status status="PASS" start="2024-04-05T11:16:38.555647" elapsed="0.001084"/>
</kw>
<kw name="Click With Xpath" owner="TestPage">
<arg>//*[@id="content"]/ul/li[2]/a</arg>
<doc>Clicks the button using the provided XPath.</doc>
<status status="PASS" start="2024-04-05T11:16:38.556731" elapsed="0.431990"/>
</kw>
<kw name="Log" owner="BuiltIn">
<msg time="2024-04-05T11:16:38.989719" level="INFO">verify the Add/Remove Elements page loaded by checking for the Text</msg>
<arg>verify the Add/Remove Elements page loaded by checking for the Text</arg>
<doc>Logs the given message with the given level.</doc>
<status status="PASS" start="2024-04-05T11:16:38.989719" elapsed="0.000000"/>
</kw>
<kw name="Verify Page Contains Element" owner="TestPage">
<arg>content</arg>
<arg>Add/Remove Elements</arg>
<doc>Verifies that the page contains the specified text.</doc>
<status status="PASS" start="2024-04-05T11:16:38.989719" elapsed="0.048671"/>
</kw>
<kw name="Log" owner="BuiltIn">
<msg time="2024-04-05T11:16:39.039412" level="INFO">Click Add Element Button</msg>
<arg>Click Add Element Button</arg>
<doc>Logs the given message with the given level.</doc>
<status status="PASS" start="2024-04-05T11:16:39.039412" elapsed="0.000000"/>
</kw>
<kw name="Click With Xpath" owner="TestPage">
<arg>//*[@id="content"]/div/button</arg>
<doc>Clicks the button using the provided XPath.</doc>
<status status="PASS" start="2024-04-05T11:16:39.040434" elapsed="0.086259"/>
</kw>
<kw name="Sleep" owner="BuiltIn">
<msg time="2024-04-05T11:16:41.127885" level="INFO">Slept 2 seconds.</msg>
<arg>2s</arg>
<doc>Pauses the test executed for the given time.</doc>
<status status="PASS" start="2024-04-05T11:16:39.127822" elapsed="2.000063"/>
</kw>
<kw name="Verify Page Contains Element" owner="TestPage">
<arg>elements</arg>
<arg>Delete</arg>
<doc>Verifies that the page contains the specified text.</doc>
<status status="PASS" start="2024-04-05T11:16:41.128898" elapsed="0.039928"/>
</kw>
<kw name="Log" owner="BuiltIn">
<msg time="2024-04-05T11:16:41.168826" level="INFO">Add Element Button clicked successfully</msg>
<arg>Add Element Button clicked successfully</arg>
<doc>Logs the given message with the given level.</doc>
<status status="PASS" start="2024-04-05T11:16:41.168826" elapsed="0.000000"/>
</kw>
<kw name="Sleep" owner="BuiltIn">
<msg time="2024-04-05T11:16:43.171308" level="INFO">Slept 2 seconds.</msg>
<arg>2s</arg>
<doc>Pauses the test executed for the given time.</doc>
<status status="PASS" start="2024-04-05T11:16:41.170355" elapsed="2.000953"/>
</kw>
<kw name="close_browser_session" owner="resource">
<kw name="Close All Browsers" owner="SeleniumLibrary">
<doc>Closes all open browsers and resets the browser cache.</doc>
<status status="PASS" start="2024-04-05T11:16:43.172420" elapsed="0.000000"/>
</kw>
<status status="PASS" start="2024-04-05T11:16:43.171308" elapsed="0.001112"/>
</kw>
<doc>Test the functionality of the-internet.herokuapp.com's Add/Remove Elements page using Chrome browser</doc>
<tag>SMOKE</tag>
<status status="PASS" start="2024-04-05T11:16:28.454777" elapsed="14.718526"/>
</test>
<status status="PASS" start="2024-04-05T11:16:28.269965" elapsed="16.964349"/>
</suite>
<suite id="s1-s2" name="Broken Images Tests" source="C:\Users\eltsin\Documents\Learn\python-training\RobotFramework\project_root\tests\web_ui\tests\broken_images_tests.robot">
<test id="s1-s2-t1" name="Check for Broken Images" line="11">
<kw name="Log" owner="BuiltIn">
<msg time="2024-04-05T11:16:45.253395" level="INFO">open home url</msg>
<arg>open home url</arg>
<doc>Logs the given message with the given level.</doc>
<status status="PASS" start="2024-04-05T11:16:45.253395" elapsed="0.000000"/>
</kw>
<kw name="open_homepage" owner="resource">
<kw name="Log" owner="BuiltIn">
<msg time="2024-04-05T11:16:45.254438" level="INFO">Open URL and maximize the window</msg>
<arg>Open URL and maximize the window</arg>
<doc>Logs the given message with the given level.</doc>
<status status="PASS" start="2024-04-05T11:16:45.254438" elapsed="0.000000"/>
</kw>
<kw name="Open The Homepage" owner="TestPage">
<arg>${browser}</arg>
<arg>${url}</arg>
<doc>Opens the browser and navigates to the home page.</doc>
<status status="PASS" start="2024-04-05T11:16:45.254438" elapsed="16.223968"/>
</kw>
<arg>${BROWSER}</arg>
<arg>${HOMEPAGE_URL}</arg>
<status status="PASS" start="2024-04-05T11:16:45.253395" elapsed="16.225011"/>
</kw>
<kw name="Log" owner="BuiltIn">
<msg time="2024-04-05T11:17:01.479405" level="INFO">xpath to test 'broken image' //*[@id="content"]/ul/li[4]/a</msg>
<arg>xpath to test 'broken image' //*[@id="content"]/ul/li[4]/a</arg>
<doc>Logs the given message with the given level.</doc>
<status status="PASS" start="2024-04-05T11:17:01.479405" elapsed="0.000000"/>
</kw>
<kw name="Log" owner="BuiltIn">
<msg time="2024-04-05T11:17:01.479405" level="INFO">xpath to test 'no broken image' //*[@id="content"]/ul/li[2]/a</msg>
<arg>xpath to test 'no broken image' //*[@id="content"]/ul/li[2]/a</arg>
<doc>Logs the given message with the given level.</doc>
<status status="PASS" start="2024-04-05T11:17:01.479405" elapsed="0.000000"/>
</kw>
<kw name="Click With Xpath" owner="TestPage">
<arg>//*[@id="content"]/ul/li[4]/a</arg>
<doc>Clicks the button using the provided XPath.</doc>
<status status="PASS" start="2024-04-05T11:17:01.480475" elapsed="0.771649"/>
</kw>
<kw name="Sleep" owner="BuiltIn">
<msg time="2024-04-05T11:17:04.252234" level="INFO">Slept 2 seconds.</msg>
<arg>2s</arg>
<doc>Pauses the test executed for the given time.</doc>
<status status="PASS" start="2024-04-05T11:17:02.252124" elapsed="2.000110"/>
</kw>
<kw name="Log" owner="BuiltIn">
<msg time="2024-04-05T11:17:04.252234" level="INFO">using custom keyword check for broken images, Pass for broken img found else error</msg>
<arg>using custom keyword check for broken images, Pass for broken img found else error</arg>
<doc>Logs the given message with the given level.</doc>
<status status="PASS" start="2024-04-05T11:17:04.252234" elapsed="0.000000"/>
</kw>
<kw name="Check For Broken Images" owner="TestPage">
<msg time="2024-04-05T11:17:08.739299" level="INFO">Broken images found: https://the-internet.herokuapp.com/asdf.jpg, https://the-internet.herokuapp.com/hjkl.jpg</msg>
<doc>Checks for broken images on the page.</doc>
<status status="PASS" start="2024-04-05T11:17:04.253650" elapsed="4.485649"/>
</kw>
<kw name="Sleep" owner="BuiltIn">
<msg time="2024-04-05T11:17:10.740837" level="INFO">Slept 2 seconds.</msg>
<arg>2s</arg>
<doc>Pauses the test executed for the given time.</doc>
<status status="PASS" start="2024-04-05T11:17:08.740362" elapsed="2.000475"/>
</kw>
<kw name="close_browser_session" owner="resource">
<kw name="Close All Browsers" owner="SeleniumLibrary">
<doc>Closes all open browsers and resets the browser cache.</doc>
<status status="PASS" start="2024-04-05T11:17:10.740837" elapsed="0.000000"/>
</kw>
<status status="PASS" start="2024-04-05T11:17:10.740837" elapsed="0.000000"/>
</kw>
<doc>Verify that there are broken images</doc>
<tag>SMOKE</tag>
<status status="PASS" start="2024-04-05T11:16:45.252442" elapsed="25.490407"/>
</test>
<status status="PASS" start="2024-04-05T11:16:45.236467" elapsed="27.554008"/>
</suite>
<suite id="s1-s3" name="Checkbox tests" source="C:\Users\eltsin\Documents\Learn\python-training\RobotFramework\project_root\tests\web_ui\tests\Checkbox_tests.robot">
<test id="s1-s3-t1" name="Check First Checkbox" line="8">
<kw name="open_homepage" owner="resource">
<kw name="Log" owner="BuiltIn">
<msg time="2024-04-05T11:17:12.798230" level="INFO">Open URL and maximize the window</msg>
<arg>Open URL and maximize the window</arg>
<doc>Logs the given message with the given level.</doc>
<status status="PASS" start="2024-04-05T11:17:12.798230" elapsed="0.000000"/>
</kw>
<kw name="Open The Homepage" owner="TestPage">
<arg>${browser}</arg>
<arg>${url}</arg>
<doc>Opens the browser and navigates to the home page.</doc>
<status status="PASS" start="2024-04-05T11:17:12.798230" elapsed="10.004700"/>
</kw>
<arg>${BROWSER}</arg>
<arg>${HOMEPAGE_URL}</arg>
<status status="PASS" start="2024-04-05T11:17:12.798230" elapsed="10.004700"/>
</kw>
<kw name="Log" owner="BuiltIn">
<msg time="2024-04-05T11:17:22.803559" level="INFO">Click web element "Checkboxes"</msg>
<arg>Click web element "Checkboxes"</arg>
<doc>Logs the given message with the given level.</doc>
<status status="PASS" start="2024-04-05T11:17:22.803559" elapsed="0.000000"/>
</kw>
<kw name="Click With Xpath" owner="TestPage">
<arg>//*[@id="content"]/ul/li[6]/a</arg>
<doc>Clicks the button using the provided XPath.</doc>
<status status="PASS" start="2024-04-05T11:17:22.804227" elapsed="0.440618"/>
</kw>
<kw name="Verify Page Contains Element" owner="TestPage">
<arg>content</arg>
<arg>Checkboxes</arg>
<doc>Verifies that the page contains the specified text.</doc>
<status status="PASS" start="2024-04-05T11:17:23.245843" elapsed="0.050662"/>
</kw>
<kw name="Check Checkbox With Xpath" owner="TestPage">
<arg>//input[@type='checkbox'][1]</arg>
<doc>Checks the checkbox with the specified XPath.</doc>
<status status="PASS" start="2024-04-05T11:17:23.297225" elapsed="0.067249"/>
</kw>
<kw name="Sleep" owner="BuiltIn">
<msg time="2024-04-05T11:17:25.365652" level="INFO">Slept 2 seconds.</msg>
<arg>2s</arg>
<doc>Pauses the test executed for the given time.</doc>
<status status="PASS" start="2024-04-05T11:17:23.365468" elapsed="2.000184"/>
</kw>
<kw name="close_browser_session" owner="resource">
<kw name="Close All Browsers" owner="SeleniumLibrary">
<doc>Closes all open browsers and resets the browser cache.</doc>
<status status="PASS" start="2024-04-05T11:17:25.365652" elapsed="0.000000"/>
</kw>
<status status="PASS" start="2024-04-05T11:17:25.365652" elapsed="0.000000"/>
</kw>
<doc>Test to check the first checkbox</doc>
<tag>SMOKE</tag>
<status status="PASS" start="2024-04-05T11:17:12.796852" elapsed="12.570646"/>
</test>
<status status="PASS" start="2024-04-05T11:17:12.792148" elapsed="14.637181"/>
</suite>
<status status="PASS" start="2024-04-05T11:16:28.249553" elapsed="59.181713"/>
</suite>
<statistics>
<total>
<stat pass="3" fail="0" skip="0">All Tests</stat>
</total>
<tag>
<stat pass="3" fail="0" skip="0">SMOKE</stat>
</tag>
<suite>
<stat pass="3" fail="0" skip="0" id="s1" name="Tests">Tests</stat>
<stat pass="1" fail="0" skip="0" id="s1-s1" name="Add Remove Elements Tests">Tests.Add Remove Elements Tests</stat>
<stat pass="1" fail="0" skip="0" id="s1-s2" name="Broken Images Tests">Tests.Broken Images Tests</stat>
<stat pass="1" fail="0" skip="0" id="s1-s3" name="Checkbox tests">Tests.Checkbox tests</stat>
</suite>
</statistics>
<errors>
</errors>
</robot>
